Performing C SOURCE FILE Test CMAKE_HAVE_LIBC_PTHREAD failed with the following output:
Change Dir: /media/sf_Thesis/Code/keypoint-regression/build/CMakeFiles/CMakeTmp

Run Build Command(s):/usr/bin/gmake -f Makefile cmTC_bb579/fast && gmake: Warning: File 'Makefile' has modification time 1,3 s in the future
/usr/bin/gmake  -f CMakeFiles/cmTC_bb579.dir/build.make CMakeFiles/cmTC_bb579.dir/build
gmake[1]: Entering directory '/media/sf_Thesis/Code/keypoint-regression/build/CMakeFiles/CMakeTmp'
gmake[1]: Warning: File 'CMakeFiles/cmTC_bb579.dir/flags.make' has modification time 1,3 s in the future
CMakeFiles/cmTC_bb579.dir/build.make:67: CMakeFiles/cmTC_bb579.dir/compiler_depend.make: No such file or directory
gmake[1]: *** No rule to make target 'CMakeFiles/cmTC_bb579.dir/compiler_depend.make'.  Stop.
gmake[1]: Leaving directory '/media/sf_Thesis/Code/keypoint-regression/build/CMakeFiles/CMakeTmp'
gmake: *** [Makefile:127: cmTC_bb579/fast] Error 2


Source file was:
#include <pthread.h>

static void* test_func(void* data)
{
  return data;
}

int main(void)
{
  pthread_t thread;
  pthread_create(&thread, NULL, test_func, NULL);
  pthread_detach(thread);
  pthread_cancel(thread);
  pthread_join(thread, NULL);
  pthread_atfork(NULL, NULL, NULL);
  pthread_exit(NULL);

  return 0;
}

Determining if the function pthread_create exists in the pthreads failed with the following output:
Change Dir: /media/sf_Thesis/Code/keypoint-regression/build/CMakeFiles/CMakeTmp

Run Build Command(s):/usr/bin/gmake -f Makefile cmTC_532b4/fast && gmake: Warning: File 'Makefile' has modification time 1,3 s in the future
/usr/bin/gmake  -f CMakeFiles/cmTC_532b4.dir/build.make CMakeFiles/cmTC_532b4.dir/build
gmake[1]: Entering directory '/media/sf_Thesis/Code/keypoint-regression/build/CMakeFiles/CMakeTmp'
gmake[1]: Warning: File 'CMakeFiles/cmTC_532b4.dir/flags.make' has modification time 1,3 s in the future
Building C object CMakeFiles/cmTC_532b4.dir/CheckFunctionExists.c.o
/usr/bin/cc   -DCHECK_FUNCTION_EXISTS=pthread_create -o CMakeFiles/cmTC_532b4.dir/CheckFunctionExists.c.o -c /usr/share/cmake-3.22/Modules/CheckFunctionExists.c
Linking C executable cmTC_532b4
/usr/bin/cmake -E cmake_link_script CMakeFiles/cmTC_532b4.dir/link.txt --verbose=1
/usr/bin/cc  -DCHECK_FUNCTION_EXISTS=pthread_create -rdynamic CMakeFiles/cmTC_532b4.dir/CheckFunctionExists.c.o -o cmTC_532b4  -lpthreads 
/usr/bin/ld: cannot find -lpthreads: No such file or directory
collect2: error: ld returned 1 exit status
gmake[1]: *** [CMakeFiles/cmTC_532b4.dir/build.make:99: cmTC_532b4] Error 1
gmake[1]: Leaving directory '/media/sf_Thesis/Code/keypoint-regression/build/CMakeFiles/CMakeTmp'
gmake: *** [Makefile:127: cmTC_532b4/fast] Error 2



